Performing C++ SOURCE FILE Test CMAKE_HAVE_LIBC_PTHREAD failed with the following output:
Change Dir: /root/cuda_lesson/lesson12/build/CMakeFiles/CMakeTmp

Run Build Command(s):/usr/bin/make cmTC_febb8/fast && /usr/bin/make -f CMakeFiles/cmTC_febb8.dir/build.make CMakeFiles/cmTC_febb8.dir/build
make[1]: Entering directory '/root/cuda_lesson/lesson12/build/CMakeFiles/CMakeTmp'
Building CXX object CMakeFiles/cmTC_febb8.dir/src.cxx.o
/usr/bin/c++    -DCMAKE_HAVE_LIBC_PTHREAD   -std=gnu++14 -o CMakeFiles/cmTC_febb8.dir/src.cxx.o -c /root/cuda_lesson/lesson12/build/CMakeFiles/CMakeTmp/src.cxx
Linking CXX executable cmTC_febb8
/usr/bin/cmake -E cmake_link_script CMakeFiles/cmTC_febb8.dir/link.txt --verbose=1
/usr/bin/c++   -DCMAKE_HAVE_LIBC_PTHREAD    CMakeFiles/cmTC_febb8.dir/src.cxx.o  -o cmTC_febb8 
/usr/bin/ld: CMakeFiles/cmTC_febb8.dir/src.cxx.o: in function `main':
src.cxx:(.text+0x46): undefined reference to `pthread_create'
/usr/bin/ld: src.cxx:(.text+0x52): undefined reference to `pthread_detach'
/usr/bin/ld: src.cxx:(.text+0x63): undefined reference to `pthread_join'
collect2: error: ld returned 1 exit status
make[1]: *** [CMakeFiles/cmTC_febb8.dir/build.make:87: cmTC_febb8] Error 1
make[1]: Leaving directory '/root/cuda_lesson/lesson12/build/CMakeFiles/CMakeTmp'
make: *** [Makefile:121: cmTC_febb8/fast] Error 2


Source file was:
#include <pthread.h>

void* test_func(void* data)
{
  return data;
}

int main(void)
{
  pthread_t thread;
  pthread_create(&thread, NULL, test_func, NULL);
  pthread_detach(thread);
  pthread_join(thread, NULL);
  pthread_atfork(NULL, NULL, NULL);
  pthread_exit(NULL);

  return 0;
}

Determining if the function pthread_create exists in the pthreads failed with the following output:
Change Dir: /root/cuda_lesson/lesson12/build/CMakeFiles/CMakeTmp

Run Build Command(s):/usr/bin/make cmTC_bec66/fast && /usr/bin/make -f CMakeFiles/cmTC_bec66.dir/build.make CMakeFiles/cmTC_bec66.dir/build
make[1]: Entering directory '/root/cuda_lesson/lesson12/build/CMakeFiles/CMakeTmp'
Building CXX object CMakeFiles/cmTC_bec66.dir/CheckFunctionExists.cxx.o
/usr/bin/c++    -DCHECK_FUNCTION_EXISTS=pthread_create   -std=gnu++14 -o CMakeFiles/cmTC_bec66.dir/CheckFunctionExists.cxx.o -c /root/cuda_lesson/lesson12/build/CMakeFiles/CheckLibraryExists/CheckFunctionExists.cxx
Linking CXX executable cmTC_bec66
/usr/bin/cmake -E cmake_link_script CMakeFiles/cmTC_bec66.dir/link.txt --verbose=1
/usr/bin/c++   -DCHECK_FUNCTION_EXISTS=pthread_create    CMakeFiles/cmTC_bec66.dir/CheckFunctionExists.cxx.o  -o cmTC_bec66  -lpthreads 
/usr/bin/ld: cannot find -lpthreads
collect2: error: ld returned 1 exit status
make[1]: *** [CMakeFiles/cmTC_bec66.dir/build.make:87: cmTC_bec66] Error 1
make[1]: Leaving directory '/root/cuda_lesson/lesson12/build/CMakeFiles/CMakeTmp'
make: *** [Makefile:121: cmTC_bec66/fast] Error 2



